<?xml version="1.0" encoding="UTF-8"?>
<!-- Generated by org.testng.reporters.JUnitReportReporter -->
<testsuite hostname="DESKTOP-DV98POC" failures="0" tests="3" name="practice.TestNGpractice" time="0.013" errors="0" timestamp="2022-06-08T16:28:52 IST" skipped="0">
  <testcase classname="practice.TestNGpractice" name="ipltest" time="0.002"/>
  <system-out/>
  <testcase classname="practice.TestNGpractice" name="rcbtest" time="0.002"/>
  <system-out/>
  <testcase classname="practice.TestNGpractice" name="chethantest" time="0.009"/>
  <system-out/>
</testsuite> <!-- practice.TestNGpractice -->
